<?xml version="1.0" encoding="UTF-8"?>
<testsuite xmlns:xsi="http://www.w3.org/2001/XMLSchema-instance" xsi:noNamespaceSchemaLocation="https://maven.apache.org/surefire/maven-surefire-plugin/xsd/surefire-test-report.xsd" name="com.top.sstore.service.IMailServiceTests" time="1.59" tests="2" errors="0" skipped="0" failures="0">
  <properties>
[...]
</properties>
  <testcase name="sendHtmlMail" classname="com.top.sstore.service.IMailServiceTests" time="0.988"/>
  <testcase name="sendSimpleMail" classname="com.top.sstore.service.IMailServiceTests" time="0.598"/>
</testsuite>